INFO 2023-09-11 15:50:54,867 views 25148 14312 Main page accessed
ERROR 2023-09-11 15:51:33,318 views 25148 18504 Error in about page: division by zero
Traceback (most recent call last):
  File "C:\Users\karmu\Desktop\STUDIUM\5 - Python\karmaproject\dz_karmaapp\views.py", line 15, in about
    result = 1 / 0
ZeroDivisionError: division by zero
INFO 2023-09-11 15:53:07,839 autoreload 12748 14036 Watching for file changes with StatReloader
INFO 2023-09-11 15:53:09,959 basehttp 12748 19596 "GET /dz/about/ HTTP/1.1" 200 27
INFO 2023-09-11 15:53:22,425 autoreload 12748 14036 C:\Users\karmu\Desktop\STUDIUM\5 - Python\karmaproject\karmaproject\settings.py changed, reloading.
INFO 2023-09-11 15:53:22,768 autoreload 17604 21948 Watching for file changes with StatReloader
INFO 2023-09-11 15:54:31,497 autoreload 17604 21948 C:\Users\karmu\Desktop\STUDIUM\5 - Python\karmaproject\karmaproject\urls.py changed, reloading.
INFO 2023-09-11 15:54:31,843 autoreload 9064 17312 Watching for file changes with StatReloader
INFO 2023-09-11 15:54:35,099 autoreload 9064 17312 C:\Users\karmu\Desktop\STUDIUM\5 - Python\karmaproject\karmaproject\settings.py changed, reloading.
INFO 2023-09-11 15:54:35,437 autoreload 6864 33948 Watching for file changes with StatReloader
INFO 2023-09-11 15:55:24,708 autoreload 6864 33948 C:\Users\karmu\Desktop\STUDIUM\5 - Python\karmaproject\dz_karmaapp\views.py changed, reloading.
INFO 2023-09-11 15:55:25,050 autoreload 19232 20916 Watching for file changes with StatReloader
INFO 2023-09-11 15:56:44,136 autoreload 19232 20916 C:\Users\karmu\Desktop\STUDIUM\5 - Python\karmaproject\karmaproject\settings.py changed, reloading.
INFO 2023-09-11 15:56:44,467 autoreload 30052 14256 Watching for file changes with StatReloader
INFO 2023-09-11 15:57:01,035 autoreload 30052 14256 C:\Users\karmu\Desktop\STUDIUM\5 - Python\karmaproject\karmaproject\settings.py changed, reloading.
INFO 2023-09-11 15:57:01,380 autoreload 33768 19340 Watching for file changes with StatReloader
INFO 2023-09-11 15:58:54,129 autoreload 33768 19340 C:\Users\karmu\Desktop\STUDIUM\5 - Python\karmaproject\dz_karmaapp\views.py changed, reloading.
INFO 2023-09-11 15:58:54,486 autoreload 25520 22828 Watching for file changes with StatReloader
INFO 2023-09-11 15:58:59,867 basehttp 25520 11480 "GET /dz/ HTTP/1.1" 200 35
INFO 2023-09-11 16:01:46,626 autoreload 25520 22828 C:\Users\karmu\Desktop\STUDIUM\5 - Python\karmaproject\dz_karmaapp\views.py changed, reloading.
INFO 2023-09-11 16:01:47,013 autoreload 12252 11324 Watching for file changes with StatReloader
INFO 2023-09-11 16:01:51,106 basehttp 12252 22772 "GET /dz/about/ HTTP/1.1" 200 95
INFO 2023-09-11 16:01:59,547 autoreload 12252 11324 C:\Users\karmu\Desktop\STUDIUM\5 - Python\karmaproject\dz_karmaapp\views.py changed, reloading.
INFO 2023-09-11 16:01:59,921 autoreload 32796 16240 Watching for file changes with StatReloader
INFO 2023-09-11 16:02:02,662 basehttp 32796 25340 "GET /dz/about/ HTTP/1.1" 200 96
INFO 2023-09-11 16:02:04,267 basehttp 32796 25340 "GET /dz/about/ HTTP/1.1" 200 96
INFO 2023-09-11 16:02:06,491 basehttp 32796 25340 "GET /dz/about/ HTTP/1.1" 200 96
INFO 2023-09-11 16:02:30,881 autoreload 32796 16240 C:\Users\karmu\Desktop\STUDIUM\5 - Python\karmaproject\dz_karmaapp\views.py changed, reloading.
INFO 2023-09-11 16:02:31,216 autoreload 20460 10436 Watching for file changes with StatReloader
INFO 2023-09-11 16:02:39,593 autoreload 20460 10436 C:\Users\karmu\Desktop\STUDIUM\5 - Python\karmaproject\dz_karmaapp\views.py changed, reloading.
INFO 2023-09-11 16:02:39,943 autoreload 26356 13980 Watching for file changes with StatReloader
INFO 2023-09-11 16:02:42,683 basehttp 26356 21048 "GET /dz/about/ HTTP/1.1" 200 99
INFO 2023-09-11 16:03:10,908 autoreload 26356 13980 C:\Users\karmu\Desktop\STUDIUM\5 - Python\karmaproject\dz_karmaapp\views.py changed, reloading.
INFO 2023-09-11 16:03:11,313 autoreload 35716 35836 Watching for file changes with StatReloader
INFO 2023-09-11 16:03:12,195 basehttp 35716 6216 "GET /dz/about/ HTTP/1.1" 200 108
INFO 2023-09-11 16:03:34,014 autoreload 35716 35836 C:\Users\karmu\Desktop\STUDIUM\5 - Python\karmaproject\dz_karmaapp\views.py changed, reloading.
INFO 2023-09-11 16:03:34,350 autoreload 36724 12984 Watching for file changes with StatReloader
INFO 2023-09-11 16:03:51,931 autoreload 36724 12984 C:\Users\karmu\Desktop\STUDIUM\5 - Python\karmaproject\dz_karmaapp\views.py changed, reloading.
INFO 2023-09-11 16:03:52,309 autoreload 36392 23960 Watching for file changes with StatReloader
INFO 2023-09-29 09:50:46,932 autoreload 17980 11636 Watching for file changes with StatReloader
INFO 2023-09-29 09:50:49,381 basehttp 17980 7660 "GET / HTTP/1.1" 200 13
WARNING 2023-09-29 09:50:49,537 log 17980 7660 Not Found: /favicon.ico
INFO 2023-09-29 09:50:49,537 basehttp 17980 7660 - Broken pipe from ('127.0.0.1', 62066)
INFO 2023-09-29 09:51:09,429 basehttp 17980 18656 "GET /about/ HTTP/1.1" 200 27
INFO 2023-09-29 13:19:49,098 autoreload 3832 8320 Watching for file changes with StatReloader
INFO 2023-09-29 13:19:51,380 basehttp 3832 10812 "GET / HTTP/1.1" 200 13
WARNING 2023-09-29 13:19:51,502 log 3832 10812 Not Found: /favicon.ico
INFO 2023-09-29 13:19:51,502 basehttp 3832 10812 - Broken pipe from ('127.0.0.1', 56303)
WARNING 2023-09-29 13:20:08,286 log 3832 2296 Not Found: /request
WARNING 2023-09-29 13:20:08,286 basehttp 3832 2296 "GET /request HTTP/1.1" 404 2535
INFO 2023-09-29 13:20:26,144 basehttp 3832 2296 "GET /about/ HTTP/1.1" 200 27
WARNING 2023-09-29 13:20:26,176 log 3832 2296 Not Found: /favicon.ico
INFO 2023-09-29 13:20:26,176 basehttp 3832 2296 - Broken pipe from ('127.0.0.1', 56311)
INFO 2023-09-29 16:19:07,098 autoreload 2956 7656 Watching for file changes with StatReloader
INFO 2023-09-29 16:19:08,912 basehttp 2956 2952 "GET / HTTP/1.1" 200 13
INFO 2023-09-29 16:19:17,685 basehttp 2956 2952 "GET /about/ HTTP/1.1" 200 27
INFO 2023-09-29 16:28:08,440 autoreload 4912 10788 Watching for file changes with StatReloader
INFO 2023-09-29 16:29:13,049 autoreload 3212 8716 Watching for file changes with StatReloader
INFO 2023-09-29 16:29:15,231 basehttp 3212 4756 "GET / HTTP/1.1" 200 13
WARNING 2023-09-29 16:29:15,279 log 3212 4756 Not Found: /favicon.ico
INFO 2023-09-29 16:29:15,279 basehttp 3212 4756 - Broken pipe from ('127.0.0.1', 61045)
WARNING 2023-09-29 16:29:30,538 log 3212 8140 Not Found: /dz_karmaapp/
WARNING 2023-09-29 16:29:30,539 basehttp 3212 8140 "GET /dz_karmaapp/ HTTP/1.1" 404 2550
INFO 2023-09-29 16:30:22,581 basehttp 3212 8140 "GET /dz/ HTTP/1.1" 200 35
INFO 2023-09-29 16:30:28,676 basehttp 3212 8140 "GET /dz/about HTTP/1.1" 301 0
INFO 2023-09-29 16:30:28,676 basehttp 3212 9140 "GET /dz/about/ HTTP/1.1" 200 106
INFO 2023-09-29 16:39:53,362 autoreload 11976 11052 Watching for file changes with StatReloader
INFO 2023-09-29 16:39:54,259 basehttp 11976 11476 "GET / HTTP/1.1" 200 13
WARNING 2023-09-29 16:39:54,322 log 11976 11476 Not Found: /favicon.ico
INFO 2023-09-29 16:39:54,322 basehttp 11976 11476 - Broken pipe from ('127.0.0.1', 61643)
INFO 2023-09-29 16:40:01,872 basehttp 11976 8792 "GET /about/ HTTP/1.1" 200 27
WARNING 2023-09-29 16:40:01,904 log 11976 8792 Not Found: /favicon.ico
INFO 2023-09-29 16:40:01,904 basehttp 11976 8792 - Broken pipe from ('127.0.0.1', 61648)
INFO 2023-09-29 16:40:09,749 basehttp 11976 10072 "GET /dz/about/ HTTP/1.1" 200 106
WARNING 2023-09-29 16:40:09,785 log 11976 10072 Not Found: /favicon.ico
INFO 2023-09-29 16:40:09,785 basehttp 11976 10072 - Broken pipe from ('127.0.0.1', 61653)
INFO 2023-09-29 16:40:15,135 basehttp 11976 6624 "GET /dz/ HTTP/1.1" 200 35
WARNING 2023-09-29 16:40:15,166 log 11976 6624 Not Found: /favicon.ico
INFO 2023-09-29 16:40:15,166 basehttp 11976 6624 - Broken pipe from ('127.0.0.1', 61657)
INFO 2023-09-29 16:50:05,904 autoreload 11976 11052 C:\Users\USER\IdeaProjects\GbDjangoHW\Django\HW2app\ORMproject\dz_ORMapp\views.py changed, reloading.
INFO 2023-09-29 16:50:06,312 autoreload 2276 11916 Watching for file changes with StatReloader
INFO 2023-09-29 16:50:34,768 autoreload 2276 11916 C:\Users\USER\IdeaProjects\GbDjangoHW\Django\HW2app\ORMproject\dz_ORMapp\views.py changed, reloading.
INFO 2023-09-29 16:50:35,176 autoreload 32 836 Watching for file changes with StatReloader
INFO 2023-09-29 16:51:03,421 basehttp 32 8196 "GET /admin HTTP/1.1" 301 0
INFO 2023-09-29 16:51:03,437 basehttp 32 4836 "GET /admin/ HTTP/1.1" 302 0
INFO 2023-09-29 16:51:03,512 basehttp 32 4836 "GET /admin/login/?next=/admin/ HTTP/1.1" 200 4181
INFO 2023-09-29 16:51:03,610 basehttp 32 4836 "GET /static/admin/css/base.css HTTP/1.1" 200 21207
INFO 2023-09-29 16:51:03,610 basehttp 32 10452 "GET /static/admin/js/nav_sidebar.js HTTP/1.1" 200 3063
INFO 2023-09-29 16:51:03,610 basehttp 32 9976 "GET /static/admin/js/theme.js HTTP/1.1" 200 1943
INFO 2023-09-29 16:51:03,610 basehttp 32 9000 "GET /static/admin/css/nav_sidebar.css HTTP/1.1" 200 2694
INFO 2023-09-29 16:51:03,610 basehttp 32 10880 "GET /static/admin/css/login.css HTTP/1.1" 200 958
INFO 2023-09-29 16:51:03,610 basehttp 32 9696 "GET /static/admin/css/dark_mode.css HTTP/1.1" 200 2929
INFO 2023-09-29 16:51:03,610 basehttp 32 4836 "GET /static/admin/css/responsive.css HTTP/1.1" 200 18533
INFO 2023-09-29 16:51:30,055 basehttp 32 4836 "POST /admin/login/?next=/admin/ HTTP/1.1" 200 4341
INFO 2023-09-29 16:53:34,137 basehttp 32 8396 "POST /admin/login/?next=/admin/ HTTP/1.1" 200 4342
INFO 2023-09-29 16:57:00,346 basehttp 32 8620 "GET /admin/ HTTP/1.1" 302 0
INFO 2023-09-29 16:57:00,362 basehttp 32 8620 "GET /admin/login/?next=/admin/ HTTP/1.1" 200 4181
INFO 2023-09-29 16:57:01,196 basehttp 32 8620 "GET /admin/ HTTP/1.1" 302 0
INFO 2023-09-29 16:57:01,196 basehttp 32 8620 "GET /admin/login/?next=/admin/ HTTP/1.1" 200 4181
INFO 2023-09-29 17:02:19,361 autoreload 32 836 C:\Users\USER\IdeaProjects\GbDjangoHW\Django\HW2app\ORMproject\ORMapp\views.py changed, reloading.
INFO 2023-09-29 17:02:19,790 autoreload 9376 10572 Watching for file changes with StatReloader
INFO 2023-09-29 17:02:32,144 autoreload 9376 10572 C:\Users\USER\IdeaProjects\GbDjangoHW\Django\HW2app\ORMproject\ORMapp\views.py changed, reloading.
INFO 2023-09-29 17:02:32,539 autoreload 7616 10180 Watching for file changes with StatReloader
INFO 2023-09-29 17:02:51,901 autoreload 7616 10180 C:\Users\USER\IdeaProjects\GbDjangoHW\Django\HW2app\ORMproject\ORMapp\views.py changed, reloading.
INFO 2023-09-29 17:02:52,277 autoreload 11656 11652 Watching for file changes with StatReloader
INFO 2023-09-29 17:03:01,054 basehttp 11656 5424 "GET / HTTP/1.1" 200 95
WARNING 2023-09-29 17:03:01,101 log 11656 5424 Not Found: /favicon.ico
INFO 2023-09-29 17:03:01,101 basehttp 11656 5424 - Broken pipe from ('127.0.0.1', 64375)
INFO 2023-09-29 17:03:03,928 basehttp 11656 10572 "GET /dz/about/ HTTP/1.1" 200 106
WARNING 2023-09-29 17:03:03,960 log 11656 10572 Not Found: /favicon.ico
INFO 2023-09-29 17:03:03,960 basehttp 11656 10572 - Broken pipe from ('127.0.0.1', 64388)
WARNING 2023-09-29 17:19:42,667 log 11656 6404 Not Found: /dz/get_order
WARNING 2023-09-29 17:19:42,667 basehttp 11656 6404 "GET /dz/get_order HTTP/1.1" 404 2778
WARNING 2023-09-29 17:20:07,791 log 11656 6404 Not Found: /dz/get_order/1
WARNING 2023-09-29 17:20:07,791 basehttp 11656 6404 "GET /dz/get_order/1 HTTP/1.1" 404 2784
INFO 2023-09-29 17:41:37,709 autoreload 7592 16376 Watching for file changes with StatReloader
INFO 2023-09-29 17:55:04,938 autoreload 9000 6356 Watching for file changes with StatReloader
INFO 2023-09-29 17:55:06,133 basehttp 9000 3692 "GET / HTTP/1.1" 200 95
WARNING 2023-09-29 17:55:06,195 log 9000 3692 Not Found: /favicon.ico
INFO 2023-09-29 17:55:06,195 basehttp 9000 3692 - Broken pipe from ('127.0.0.1', 53753)
INFO 2023-09-29 17:55:13,794 basehttp 9000 13352 "GET /dz/about/ HTTP/1.1" 200 106
INFO 2023-09-29 17:55:18,094 basehttp 9000 13352 "GET /dz/ HTTP/1.1" 200 36
WARNING 2023-09-29 17:55:23,976 log 9000 13352 Not Found: /dz/get_order
WARNING 2023-09-29 17:55:23,976 basehttp 9000 13352 "GET /dz/get_order HTTP/1.1" 404 2778
WARNING 2023-09-29 17:55:28,402 log 9000 13352 Not Found: /dz/get_order/1
WARNING 2023-09-29 17:55:28,402 basehttp 9000 13352 "GET /dz/get_order/1 HTTP/1.1" 404 2784
