INFO 2023-09-29 16:39:54,259 views 11976 11476 Index page accessed
ERROR 2023-09-29 16:40:01,872 views 11976 8792 Error in about page: division by zero
Traceback (most recent call last):
  File "C:\Users\USER\IdeaProjects\GbDjangoHW\Django\HW2app\ORMproject\ORMapp\views.py", line 15, in about
    result = 1 / 0
ZeroDivisionError: division by zero
INFO 2023-09-29 17:03:01,054 views 11656 5424 Index page accessed
INFO 2023-09-29 17:55:06,133 views 9000 3692 Index page accessed
INFO 2023-10-01 07:54:57,276 views 1664 5616 Index page accessed
INFO 2023-10-01 19:57:23,112 views 12072 6536 Index page accessed
INFO 2023-10-01 20:31:13,433 views 8300 7656 Index page accessed
INFO 2023-10-01 20:45:11,147 views 764 6536 Index page accessed
INFO 2023-10-01 21:17:10,658 views 12732 7068 Index page accessed
INFO 2023-10-01 21:29:58,052 views 12732 5904 Index page accessed
ERROR 2023-10-01 21:30:06,898 views 12732 5904 Error in about page: division by zero
Traceback (most recent call last):
  File "C:\Users\USER\IdeaProjects\GbDjangoHW\DjangoHW\HW2app\ORMproject\ORMapp\views.py", line 16, in about
    result = 1 / 0
ZeroDivisionError: division by zero
INFO 2023-10-03 07:18:40,451 views 13640 14576 Index page accessed
INFO 2023-10-03 17:19:00,275 views 17304 18400 Index page accessed
INFO 2023-10-03 17:53:55,892 views 12676 15628 Index page accessed
INFO 2023-10-03 18:06:49,233 views 6540 10992 Index page accessed
INFO 2023-10-03 18:07:10,123 views 17964 12596 Index page accessed
INFO 2023-10-03 18:07:28,643 views 2876 8524 Index page accessed
INFO 2023-10-03 18:07:29,745 views 2876 8524 Index page accessed
INFO 2023-10-03 18:07:38,383 views 14080 16372 Index page accessed
INFO 2023-10-03 18:07:49,993 views 6844 18892 Index page accessed
INFO 2023-10-03 18:07:50,683 views 6844 18892 Index page accessed
